{
  "0 debug pnpm:scope": {
    "selected": 1
  },
  "1 error pnpm": {
    "code": "ELIFECYCLE",
    "errno": "ENOENT",
    "syscall": "spawn",
    "file": "sh",
    "pkgid": "money-manager@1.0.0",
    "stage": "start",
    "script": "react-scripts start",
    "pkgname": "money-manager",
    "err": {
      "name": "pnpm",
      "message": "money-manager@1.0.0 start: `react-scripts start`\nspawn ENOENT",
      "code": "ELIFECYCLE",
      "stack": "pnpm: money-manager@1.0.0 start: `react-scripts start`\nspawn ENOENT\n    at ChildProcess.<anonymous> (/root/.nvm/versions/node/v14.18.2/pnpm-global/4/node_modules/.pnpm/pnpm@6.32.2/node_modules/pnpm/dist/pnpm.cjs:92254:22)\n    at ChildProcess.emit (events.js:315:20)\n    at maybeClose (internal/child_process.js:1021:16)\n    at Process.ChildProcess._handle.onexit (internal/child_process.js:286:5)"
    }
  },
  "2 warn pnpm:global": " Local package.json exists, but node_modules missing, did you mean to install?"
}